<?xml version="1.0" encoding="UTF-8"?>
<testsuite xmlns:xsi="http://www.w3.org/2001/XMLSchema-instance" xsi:noNamespaceSchemaLocation="https://maven.apache.org/surefire/maven-surefire-plugin/xsd/surefire-test-report-3.0.xsd" version="3.0" name="com.example.pagamentoService.ApplicationTests" time="3.83" tests="1" errors="0" skipped="0" failures="0">
  <properties>
    <property name="java.specification.version" value="17"/>
    <property name="sun.jnu.encoding" value="UTF-8"/>
    <property name="java.class.path" value="/home/lzndev/Documents/workspace/code/git/pagamento-service/target/test-classes:/home/lzndev/Documents/workspace/code/git/pagamento-service/target/classes:/home/lzndev/.m2/repository/io/github/cdimascio/dotenv-java/2.2.0/dotenv-java-2.2.0.jar:/home/lzndev/.m2/repository/org/springframework/boot/spring-boot-starter-web/3.3.5/spring-boot-starter-web-3.3.5.jar:/home/lzndev/.m2/repository/org/springframework/boot/spring-boot-starter/3.3.5/spring-boot-starter-3.3.5.jar:/home/lzndev/.m2/repository/org/springframework/boot/spring-boot/3.3.5/spring-boot-3.3.5.jar:/home/lzndev/.m2/repository/org/springframework/boot/spring-boot-autoconfigure/3.3.5/spring-boot-autoconfigure-3.3.5.jar:/home/lzndev/.m2/repository/org/springframework/boot/spring-boot-starter-logging/3.3.5/spring-boot-starter-logging-3.3.5.jar:/home/lzndev/.m2/repository/ch/qos/logback/logback-classic/1.5.11/logback-classic-1.5.11.jar:/home/lzndev/.m2/repository/ch/qos/logback/logback-core/1.5.11/logback-core-1.5.11.jar:/home/lzndev/.m2/repository/org/apache/logging/log4j/log4j-to-slf4j/2.23.1/log4j-to-slf4j-2.23.1.jar:/home/lzndev/.m2/repository/org/apache/logging/log4j/log4j-api/2.23.1/log4j-api-2.23.1.jar:/home/lzndev/.m2/repository/org/slf4j/jul-to-slf4j/2.0.16/jul-to-slf4j-2.0.16.jar:/home/lzndev/.m2/repository/jakarta/annotation/jakarta.annotation-api/2.1.1/jakarta.annotation-api-2.1.1.jar:/home/lzndev/.m2/repository/org/yaml/snakeyaml/2.2/snakeyaml-2.2.jar:/home/lzndev/.m2/repository/org/springframework/boot/spring-boot-starter-json/3.3.5/spring-boot-starter-json-3.3.5.jar:/home/lzndev/.m2/repository/com/fasterxml/jackson/core/jackson-databind/2.17.2/jackson-databind-2.17.2.jar:/home/lzndev/.m2/repository/com/fasterxml/jackson/core/jackson-annotations/2.17.2/jackson-annotations-2.17.2.jar:/home/lzndev/.m2/repository/com/fasterxml/jackson/core/jackson-core/2.17.2/jackson-core-2.17.2.jar:/home/lzndev/.m2/repository/com/fasterxml/jackson/datatype/jackson-datatype-jdk8/2.17.2/jackson-datatype-jdk8-2.17.2.jar:/home/lzndev/.m2/repository/com/fasterxml/jackson/datatype/jackson-datatype-jsr310/2.17.2/jackson-datatype-jsr310-2.17.2.jar:/home/lzndev/.m2/repository/com/fasterxml/jackson/module/jackson-module-parameter-names/2.17.2/jackson-module-parameter-names-2.17.2.jar:/home/lzndev/.m2/repository/org/springframework/boot/spring-boot-starter-tomcat/3.3.5/spring-boot-starter-tomcat-3.3.5.jar:/home/lzndev/.m2/repository/org/apache/tomcat/embed/tomcat-embed-core/10.1.31/tomcat-embed-core-10.1.31.jar:/home/lzndev/.m2/repository/org/apache/tomcat/embed/tomcat-embed-el/10.1.31/tomcat-embed-el-10.1.31.jar:/home/lzndev/.m2/repository/org/apache/tomcat/embed/tomcat-embed-websocket/10.1.31/tomcat-embed-websocket-10.1.31.jar:/home/lzndev/.m2/repository/org/springframework/spring-web/6.1.14/spring-web-6.1.14.jar:/home/lzndev/.m2/repository/org/springframework/spring-beans/6.1.14/spring-beans-6.1.14.jar:/home/lzndev/.m2/repository/io/micrometer/micrometer-observation/1.13.6/micrometer-observation-1.13.6.jar:/home/lzndev/.m2/repository/io/micrometer/micrometer-commons/1.13.6/micrometer-commons-1.13.6.jar:/home/lzndev/.m2/repository/org/springframework/spring-webmvc/6.1.14/spring-webmvc-6.1.14.jar:/home/lzndev/.m2/repository/org/springframework/spring-aop/6.1.14/spring-aop-6.1.14.jar:/home/lzndev/.m2/repository/org/springframework/spring-context/6.1.14/spring-context-6.1.14.jar:/home/lzndev/.m2/repository/org/springframework/spring-expression/6.1.14/spring-expression-6.1.14.jar:/home/lzndev/.m2/repository/com/oracle/database/jdbc/ojdbc8/19.8.0.0/ojdbc8-19.8.0.0.jar:/home/lzndev/.m2/repository/org/springframework/boot/spring-boot-starter-data-jpa/3.3.5/spring-boot-starter-data-jpa-3.3.5.jar:/home/lzndev/.m2/repository/org/springframework/boot/spring-boot-starter-aop/3.3.5/spring-boot-starter-aop-3.3.5.jar:/home/lzndev/.m2/repository/org/aspectj/aspectjweaver/1.9.22.1/aspectjweaver-1.9.22.1.jar:/home/lzndev/.m2/repository/org/springframework/boot/spring-boot-starter-jdbc/3.3.5/spring-boot-starter-jdbc-3.3.5.jar:/home/lzndev/.m2/repository/com/zaxxer/HikariCP/5.1.0/HikariCP-5.1.0.jar:/home/lzndev/.m2/repository/org/springframework/spring-jdbc/6.1.14/spring-jdbc-6.1.14.jar:/home/lzndev/.m2/repository/org/springframework/data/spring-data-jpa/3.3.5/spring-data-jpa-3.3.5.jar:/home/lzndev/.m2/repository/org/springframework/data/spring-data-commons/3.3.5/spring-data-commons-3.3.5.jar:/home/lzndev/.m2/repository/org/springframework/spring-orm/6.1.14/spring-orm-6.1.14.jar:/home/lzndev/.m2/repository/org/springframework/spring-tx/6.1.14/spring-tx-6.1.14.jar:/home/lzndev/.m2/repository/org/slf4j/slf4j-api/2.0.16/slf4j-api-2.0.16.jar:/home/lzndev/.m2/repository/org/springframework/spring-aspects/6.1.14/spring-aspects-6.1.14.jar:/home/lzndev/.m2/repository/org/hibernate/orm/hibernate-core/6.5.2.Final/hibernate-core-6.5.2.Final.jar:/home/lzndev/.m2/repository/jakarta/persistence/jakarta.persistence-api/3.1.0/jakarta.persistence-api-3.1.0.jar:/home/lzndev/.m2/repository/jakarta/transaction/jakarta.transaction-api/2.0.1/jakarta.transaction-api-2.0.1.jar:/home/lzndev/.m2/repository/org/jboss/logging/jboss-logging/3.5.3.Final/jboss-logging-3.5.3.Final.jar:/home/lzndev/.m2/repository/org/hibernate/common/hibernate-commons-annotations/6.0.6.Final/hibernate-commons-annotations-6.0.6.Final.jar:/home/lzndev/.m2/repository/io/smallrye/jandex/3.1.2/jandex-3.1.2.jar:/home/lzndev/.m2/repository/com/fasterxml/classmate/1.7.0/classmate-1.7.0.jar:/home/lzndev/.m2/repository/net/bytebuddy/byte-buddy/1.14.19/byte-buddy-1.14.19.jar:/home/lzndev/.m2/repository/jakarta/xml/bind/jakarta.xml.bind-api/4.0.2/jakarta.xml.bind-api-4.0.2.jar:/home/lzndev/.m2/repository/jakarta/activation/jakarta.activation-api/2.1.3/jakarta.activation-api-2.1.3.jar:/home/lzndev/.m2/repository/org/glassfish/jaxb/jaxb-runtime/4.0.5/jaxb-runtime-4.0.5.jar:/home/lzndev/.m2/repository/org/glassfish/jaxb/jaxb-core/4.0.5/jaxb-core-4.0.5.jar:/home/lzndev/.m2/repository/org/eclipse/angus/angus-activation/2.0.2/angus-activation-2.0.2.jar:/home/lzndev/.m2/repository/org/glassfish/jaxb/txw2/4.0.5/txw2-4.0.5.jar:/home/lzndev/.m2/repository/com/sun/istack/istack-commons-runtime/4.1.2/istack-commons-runtime-4.1.2.jar:/home/lzndev/.m2/repository/jakarta/inject/jakarta.inject-api/2.0.1/jakarta.inject-api-2.0.1.jar:/home/lzndev/.m2/repository/org/antlr/antlr4-runtime/4.13.0/antlr4-runtime-4.13.0.jar:/home/lzndev/.m2/repository/org/springframework/boot/spring-boot-starter-test/3.3.5/spring-boot-starter-test-3.3.5.jar:/home/lzndev/.m2/repository/org/springframework/boot/spring-boot-test/3.3.5/spring-boot-test-3.3.5.jar:/home/lzndev/.m2/repository/org/springframework/boot/spring-boot-test-autoconfigure/3.3.5/spring-boot-test-autoconfigure-3.3.5.jar:/home/lzndev/.m2/repository/com/jayway/jsonpath/json-path/2.9.0/json-path-2.9.0.jar:/home/lzndev/.m2/repository/net/minidev/json-smart/2.5.1/json-smart-2.5.1.jar:/home/lzndev/.m2/repository/net/minidev/accessors-smart/2.5.1/accessors-smart-2.5.1.jar:/home/lzndev/.m2/repository/org/ow2/asm/asm/9.6/asm-9.6.jar:/home/lzndev/.m2/repository/org/assertj/assertj-core/3.25.3/assertj-core-3.25.3.jar:/home/lzndev/.m2/repository/org/awaitility/awaitility/4.2.2/awaitility-4.2.2.jar:/home/lzndev/.m2/repository/org/hamcrest/hamcrest/2.2/hamcrest-2.2.jar:/home/lzndev/.m2/repository/org/junit/jupiter/junit-jupiter/5.10.5/junit-jupiter-5.10.5.jar:/home/lzndev/.m2/repository/org/junit/jupiter/junit-jupiter-params/5.10.5/junit-jupiter-params-5.10.5.jar:/home/lzndev/.m2/repository/org/mockito/mockito-core/5.11.0/mockito-core-5.11.0.jar:/home/lzndev/.m2/repository/net/bytebuddy/byte-buddy-agent/1.14.19/byte-buddy-agent-1.14.19.jar:/home/lzndev/.m2/repository/org/objenesis/objenesis/3.3/objenesis-3.3.jar:/home/lzndev/.m2/repository/org/mockito/mockito-junit-jupiter/5.11.0/mockito-junit-jupiter-5.11.0.jar:/home/lzndev/.m2/repository/org/skyscreamer/jsonassert/1.5.3/jsonassert-1.5.3.jar:/home/lzndev/.m2/repository/com/vaadin/external/google/android-json/0.0.20131108.vaadin1/android-json-0.0.20131108.vaadin1.jar:/home/lzndev/.m2/repository/org/springframework/spring-core/6.1.14/spring-core-6.1.14.jar:/home/lzndev/.m2/repository/org/springframework/spring-jcl/6.1.14/spring-jcl-6.1.14.jar:/home/lzndev/.m2/repository/org/springframework/spring-test/6.1.14/spring-test-6.1.14.jar:/home/lzndev/.m2/repository/org/xmlunit/xmlunit-core/2.9.1/xmlunit-core-2.9.1.jar:/home/lzndev/.m2/repository/org/junit/jupiter/junit-jupiter-engine/5.9.3/junit-jupiter-engine-5.9.3.jar:/home/lzndev/.m2/repository/org/junit/platform/junit-platform-engine/1.10.5/junit-platform-engine-1.10.5.jar:/home/lzndev/.m2/repository/org/opentest4j/opentest4j/1.3.0/opentest4j-1.3.0.jar:/home/lzndev/.m2/repository/org/junit/platform/junit-platform-commons/1.10.5/junit-platform-commons-1.10.5.jar:/home/lzndev/.m2/repository/org/junit/jupiter/junit-jupiter-api/5.10.5/junit-jupiter-api-5.10.5.jar:/home/lzndev/.m2/repository/org/apiguardian/apiguardian-api/1.1.2/apiguardian-api-1.1.2.jar:"/>
    <property name="java.vm.vendor" value="Oracle Corporation"/>
    <property name="sun.arch.data.model" value="64"/>
    <property name="java.vendor.url" value="https://java.oracle.com/"/>
    <property name="user.timezone" value="America/Sao_Paulo"/>
    <property name="org.jboss.logging.provider" value="slf4j"/>
    <property name="os.name" value="Linux"/>
    <property name="java.vm.specification.version" value="17"/>
    <property name="sun.java.launcher" value="SUN_STANDARD"/>
    <property name="user.country" value="US"/>
    <property name="sun.boot.library.path" value="/usr/lib/jvm/jdk-17-oracle-x64/lib"/>
    <property name="sun.java.command" value="/home/lzndev/Documents/workspace/code/git/pagamento-service/target/surefire/surefirebooter-20241117054830436_3.jar /home/lzndev/Documents/workspace/code/git/pagamento-service/target/surefire 2024-11-17T05-48-30_367-jvmRun1 surefire-20241117054830436_1tmp surefire_0-20241117054830436_2tmp"/>
    <property name="jdk.debug" value="release"/>
    <property name="surefire.test.class.path" value="/home/lzndev/Documents/workspace/code/git/pagamento-service/target/test-classes:/home/lzndev/Documents/workspace/code/git/pagamento-service/target/classes:/home/lzndev/.m2/repository/io/github/cdimascio/dotenv-java/2.2.0/dotenv-java-2.2.0.jar:/home/lzndev/.m2/repository/org/springframework/boot/spring-boot-starter-web/3.3.5/spring-boot-starter-web-3.3.5.jar:/home/lzndev/.m2/repository/org/springframework/boot/spring-boot-starter/3.3.5/spring-boot-starter-3.3.5.jar:/home/lzndev/.m2/repository/org/springframework/boot/spring-boot/3.3.5/spring-boot-3.3.5.jar:/home/lzndev/.m2/repository/org/springframework/boot/spring-boot-autoconfigure/3.3.5/spring-boot-autoconfigure-3.3.5.jar:/home/lzndev/.m2/repository/org/springframework/boot/spring-boot-starter-logging/3.3.5/spring-boot-starter-logging-3.3.5.jar:/home/lzndev/.m2/repository/ch/qos/logback/logback-classic/1.5.11/logback-classic-1.5.11.jar:/home/lzndev/.m2/repository/ch/qos/logback/logback-core/1.5.11/logback-core-1.5.11.jar:/home/lzndev/.m2/repository/org/apache/logging/log4j/log4j-to-slf4j/2.23.1/log4j-to-slf4j-2.23.1.jar:/home/lzndev/.m2/repository/org/apache/logging/log4j/log4j-api/2.23.1/log4j-api-2.23.1.jar:/home/lzndev/.m2/repository/org/slf4j/jul-to-slf4j/2.0.16/jul-to-slf4j-2.0.16.jar:/home/lzndev/.m2/repository/jakarta/annotation/jakarta.annotation-api/2.1.1/jakarta.annotation-api-2.1.1.jar:/home/lzndev/.m2/repository/org/yaml/snakeyaml/2.2/snakeyaml-2.2.jar:/home/lzndev/.m2/repository/org/springframework/boot/spring-boot-starter-json/3.3.5/spring-boot-starter-json-3.3.5.jar:/home/lzndev/.m2/repository/com/fasterxml/jackson/core/jackson-databind/2.17.2/jackson-databind-2.17.2.jar:/home/lzndev/.m2/repository/com/fasterxml/jackson/core/jackson-annotations/2.17.2/jackson-annotations-2.17.2.jar:/home/lzndev/.m2/repository/com/fasterxml/jackson/core/jackson-core/2.17.2/jackson-core-2.17.2.jar:/home/lzndev/.m2/repository/com/fasterxml/jackson/datatype/jackson-datatype-jdk8/2.17.2/jackson-datatype-jdk8-2.17.2.jar:/home/lzndev/.m2/repository/com/fasterxml/jackson/datatype/jackson-datatype-jsr310/2.17.2/jackson-datatype-jsr310-2.17.2.jar:/home/lzndev/.m2/repository/com/fasterxml/jackson/module/jackson-module-parameter-names/2.17.2/jackson-module-parameter-names-2.17.2.jar:/home/lzndev/.m2/repository/org/springframework/boot/spring-boot-starter-tomcat/3.3.5/spring-boot-starter-tomcat-3.3.5.jar:/home/lzndev/.m2/repository/org/apache/tomcat/embed/tomcat-embed-core/10.1.31/tomcat-embed-core-10.1.31.jar:/home/lzndev/.m2/repository/org/apache/tomcat/embed/tomcat-embed-el/10.1.31/tomcat-embed-el-10.1.31.jar:/home/lzndev/.m2/repository/org/apache/tomcat/embed/tomcat-embed-websocket/10.1.31/tomcat-embed-websocket-10.1.31.jar:/home/lzndev/.m2/repository/org/springframework/spring-web/6.1.14/spring-web-6.1.14.jar:/home/lzndev/.m2/repository/org/springframework/spring-beans/6.1.14/spring-beans-6.1.14.jar:/home/lzndev/.m2/repository/io/micrometer/micrometer-observation/1.13.6/micrometer-observation-1.13.6.jar:/home/lzndev/.m2/repository/io/micrometer/micrometer-commons/1.13.6/micrometer-commons-1.13.6.jar:/home/lzndev/.m2/repository/org/springframework/spring-webmvc/6.1.14/spring-webmvc-6.1.14.jar:/home/lzndev/.m2/repository/org/springframework/spring-aop/6.1.14/spring-aop-6.1.14.jar:/home/lzndev/.m2/repository/org/springframework/spring-context/6.1.14/spring-context-6.1.14.jar:/home/lzndev/.m2/repository/org/springframework/spring-expression/6.1.14/spring-expression-6.1.14.jar:/home/lzndev/.m2/repository/com/oracle/database/jdbc/ojdbc8/19.8.0.0/ojdbc8-19.8.0.0.jar:/home/lzndev/.m2/repository/org/springframework/boot/spring-boot-starter-data-jpa/3.3.5/spring-boot-starter-data-jpa-3.3.5.jar:/home/lzndev/.m2/repository/org/springframework/boot/spring-boot-starter-aop/3.3.5/spring-boot-starter-aop-3.3.5.jar:/home/lzndev/.m2/repository/org/aspectj/aspectjweaver/1.9.22.1/aspectjweaver-1.9.22.1.jar:/home/lzndev/.m2/repository/org/springframework/boot/spring-boot-starter-jdbc/3.3.5/spring-boot-starter-jdbc-3.3.5.jar:/home/lzndev/.m2/repository/com/zaxxer/HikariCP/5.1.0/HikariCP-5.1.0.jar:/home/lzndev/.m2/repository/org/springframework/spring-jdbc/6.1.14/spring-jdbc-6.1.14.jar:/home/lzndev/.m2/repository/org/springframework/data/spring-data-jpa/3.3.5/spring-data-jpa-3.3.5.jar:/home/lzndev/.m2/repository/org/springframework/data/spring-data-commons/3.3.5/spring-data-commons-3.3.5.jar:/home/lzndev/.m2/repository/org/springframework/spring-orm/6.1.14/spring-orm-6.1.14.jar:/home/lzndev/.m2/repository/org/springframework/spring-tx/6.1.14/spring-tx-6.1.14.jar:/home/lzndev/.m2/repository/org/slf4j/slf4j-api/2.0.16/slf4j-api-2.0.16.jar:/home/lzndev/.m2/repository/org/springframework/spring-aspects/6.1.14/spring-aspects-6.1.14.jar:/home/lzndev/.m2/repository/org/hibernate/orm/hibernate-core/6.5.2.Final/hibernate-core-6.5.2.Final.jar:/home/lzndev/.m2/repository/jakarta/persistence/jakarta.persistence-api/3.1.0/jakarta.persistence-api-3.1.0.jar:/home/lzndev/.m2/repository/jakarta/transaction/jakarta.transaction-api/2.0.1/jakarta.transaction-api-2.0.1.jar:/home/lzndev/.m2/repository/org/jboss/logging/jboss-logging/3.5.3.Final/jboss-logging-3.5.3.Final.jar:/home/lzndev/.m2/repository/org/hibernate/common/hibernate-commons-annotations/6.0.6.Final/hibernate-commons-annotations-6.0.6.Final.jar:/home/lzndev/.m2/repository/io/smallrye/jandex/3.1.2/jandex-3.1.2.jar:/home/lzndev/.m2/repository/com/fasterxml/classmate/1.7.0/classmate-1.7.0.jar:/home/lzndev/.m2/repository/net/bytebuddy/byte-buddy/1.14.19/byte-buddy-1.14.19.jar:/home/lzndev/.m2/repository/jakarta/xml/bind/jakarta.xml.bind-api/4.0.2/jakarta.xml.bind-api-4.0.2.jar:/home/lzndev/.m2/repository/jakarta/activation/jakarta.activation-api/2.1.3/jakarta.activation-api-2.1.3.jar:/home/lzndev/.m2/repository/org/glassfish/jaxb/jaxb-runtime/4.0.5/jaxb-runtime-4.0.5.jar:/home/lzndev/.m2/repository/org/glassfish/jaxb/jaxb-core/4.0.5/jaxb-core-4.0.5.jar:/home/lzndev/.m2/repository/org/eclipse/angus/angus-activation/2.0.2/angus-activation-2.0.2.jar:/home/lzndev/.m2/repository/org/glassfish/jaxb/txw2/4.0.5/txw2-4.0.5.jar:/home/lzndev/.m2/repository/com/sun/istack/istack-commons-runtime/4.1.2/istack-commons-runtime-4.1.2.jar:/home/lzndev/.m2/repository/jakarta/inject/jakarta.inject-api/2.0.1/jakarta.inject-api-2.0.1.jar:/home/lzndev/.m2/repository/org/antlr/antlr4-runtime/4.13.0/antlr4-runtime-4.13.0.jar:/home/lzndev/.m2/repository/org/springframework/boot/spring-boot-starter-test/3.3.5/spring-boot-starter-test-3.3.5.jar:/home/lzndev/.m2/repository/org/springframework/boot/spring-boot-test/3.3.5/spring-boot-test-3.3.5.jar:/home/lzndev/.m2/repository/org/springframework/boot/spring-boot-test-autoconfigure/3.3.5/spring-boot-test-autoconfigure-3.3.5.jar:/home/lzndev/.m2/repository/com/jayway/jsonpath/json-path/2.9.0/json-path-2.9.0.jar:/home/lzndev/.m2/repository/net/minidev/json-smart/2.5.1/json-smart-2.5.1.jar:/home/lzndev/.m2/repository/net/minidev/accessors-smart/2.5.1/accessors-smart-2.5.1.jar:/home/lzndev/.m2/repository/org/ow2/asm/asm/9.6/asm-9.6.jar:/home/lzndev/.m2/repository/org/assertj/assertj-core/3.25.3/assertj-core-3.25.3.jar:/home/lzndev/.m2/repository/org/awaitility/awaitility/4.2.2/awaitility-4.2.2.jar:/home/lzndev/.m2/repository/org/hamcrest/hamcrest/2.2/hamcrest-2.2.jar:/home/lzndev/.m2/repository/org/junit/jupiter/junit-jupiter/5.10.5/junit-jupiter-5.10.5.jar:/home/lzndev/.m2/repository/org/junit/jupiter/junit-jupiter-params/5.10.5/junit-jupiter-params-5.10.5.jar:/home/lzndev/.m2/repository/org/mockito/mockito-core/5.11.0/mockito-core-5.11.0.jar:/home/lzndev/.m2/repository/net/bytebuddy/byte-buddy-agent/1.14.19/byte-buddy-agent-1.14.19.jar:/home/lzndev/.m2/repository/org/objenesis/objenesis/3.3/objenesis-3.3.jar:/home/lzndev/.m2/repository/org/mockito/mockito-junit-jupiter/5.11.0/mockito-junit-jupiter-5.11.0.jar:/home/lzndev/.m2/repository/org/skyscreamer/jsonassert/1.5.3/jsonassert-1.5.3.jar:/home/lzndev/.m2/repository/com/vaadin/external/google/android-json/0.0.20131108.vaadin1/android-json-0.0.20131108.vaadin1.jar:/home/lzndev/.m2/repository/org/springframework/spring-core/6.1.14/spring-core-6.1.14.jar:/home/lzndev/.m2/repository/org/springframework/spring-jcl/6.1.14/spring-jcl-6.1.14.jar:/home/lzndev/.m2/repository/org/springframework/spring-test/6.1.14/spring-test-6.1.14.jar:/home/lzndev/.m2/repository/org/xmlunit/xmlunit-core/2.9.1/xmlunit-core-2.9.1.jar:/home/lzndev/.m2/repository/org/junit/jupiter/junit-jupiter-engine/5.9.3/junit-jupiter-engine-5.9.3.jar:/home/lzndev/.m2/repository/org/junit/platform/junit-platform-engine/1.10.5/junit-platform-engine-1.10.5.jar:/home/lzndev/.m2/repository/org/opentest4j/opentest4j/1.3.0/opentest4j-1.3.0.jar:/home/lzndev/.m2/repository/org/junit/platform/junit-platform-commons/1.10.5/junit-platform-commons-1.10.5.jar:/home/lzndev/.m2/repository/org/junit/jupiter/junit-jupiter-api/5.10.5/junit-jupiter-api-5.10.5.jar:/home/lzndev/.m2/repository/org/apiguardian/apiguardian-api/1.1.2/apiguardian-api-1.1.2.jar:"/>
    <property name="sun.cpu.endian" value="little"/>
    <property name="user.home" value="/home/lzndev"/>
    <property name="user.language" value="en"/>
    <property name="java.specification.vendor" value="Oracle Corporation"/>
    <property name="java.version.date" value="2024-01-16"/>
    <property name="java.home" value="/usr/lib/jvm/jdk-17-oracle-x64"/>
    <property name="file.separator" value="/"/>
    <property name="basedir" value="/home/lzndev/Documents/workspace/code/git/pagamento-service"/>
    <property name="java.vm.compressedOopsMode" value="Zero based"/>
    <property name="line.separator" value="&#10;"/>
    <property name="java.specification.name" value="Java Platform API Specification"/>
    <property name="java.vm.specification.vendor" value="Oracle Corporation"/>
    <property name="FILE_LOG_CHARSET" value="UTF-8"/>
    <property name="java.awt.headless" value="true"/>
    <property name="surefire.real.class.path" value="/home/lzndev/Documents/workspace/code/git/pagamento-service/target/surefire/surefirebooter-20241117054830436_3.jar"/>
    <property name="sun.management.compiler" value="HotSpot 64-Bit Tiered Compilers"/>
    <property name="java.runtime.version" value="17.0.10+11-LTS-240"/>
    <property name="user.name" value="lzndev"/>
    <property name="path.separator" value=":"/>
    <property name="os.version" value="6.5.0-41-generic"/>
    <property name="java.runtime.name" value="Java(TM) SE Runtime Environment"/>
    <property name="file.encoding" value="UTF-8"/>
    <property name="java.vm.name" value="Java HotSpot(TM) 64-Bit Server VM"/>
    <property name="localRepository" value="/home/lzndev/.m2/repository"/>
    <property name="java.vendor.url.bug" value="https://bugreport.java.com/bugreport/"/>
    <property name="java.io.tmpdir" value="/tmp"/>
    <property name="idea.version" value="2024.3"/>
    <property name="com.zaxxer.hikari.pool_number" value="1"/>
    <property name="java.version" value="17.0.10"/>
    <property name="user.dir" value="/home/lzndev/Documents/workspace/code/git/pagamento-service"/>
    <property name="os.arch" value="amd64"/>
    <property name="java.vm.specification.name" value="Java Virtual Machine Specification"/>
    <property name="PID" value="56664"/>
    <property name="CONSOLE_LOG_CHARSET" value="UTF-8"/>
    <property name="native.encoding" value="UTF-8"/>
    <property name="java.library.path" value="/usr/java/packages/lib:/usr/lib64:/lib64:/lib:/usr/lib"/>
    <property name="java.vm.info" value="mixed mode, sharing"/>
    <property name="java.vendor" value="Oracle Corporation"/>
    <property name="java.vm.version" value="17.0.10+11-LTS-240"/>
    <property name="sun.io.unicode.encoding" value="UnicodeLittle"/>
    <property name="java.class.version" value="61.0"/>
    <property name="LOGGED_APPLICATION_NAME" value="[pagamentoService] "/>
  </properties>
  <testcase name="contextLoads" classname="com.example.pagamentoService.ApplicationTests" time="0.313">
    <system-out><![CDATA[05:48:30.892 [main] INFO org.springframework.test.context.support.AnnotationConfigContextLoaderUtils -- Could not detect default configuration classes for test class [com.example.pagamentoService.ApplicationTests]: ApplicationTests does not declare any static, non-private, non-final, nested classes annotated with @Configuration.
05:48:30.948 [main] INFO org.springframework.boot.test.context.SpringBootTestContextBootstrapper -- Found @SpringBootConfiguration com.example.pagamentoService.Application for test class com.example.pagamentoService.ApplicationTests

  .   ____          _            __ _ _
 /\\ / ___'_ __ _ _(_)_ __  __ _ \ \ \ \
( ( )\___ | '_ | '_| | '_ \/ _` | \ \ \ \
 \\/  ___)| |_)| | | | | || (_| |  ) ) ) )
  '  |____| .__|_| |_|_| |_\__, | / / / /
 =========|_|==============|___/=/_/_/_/

 :: Spring Boot ::                (v3.3.5)

2024-11-17T05:48:31.174-03:00  INFO 56664 --- [pagamentoService] [           main] c.e.pagamentoService.ApplicationTests    : Starting ApplicationTests using Java 17.0.10 with PID 56664 (started by lzndev in /home/lzndev/Documents/workspace/code/git/pagamento-service)
2024-11-17T05:48:31.175-03:00  INFO 56664 --- [pagamentoService] [           main] c.e.pagamentoService.ApplicationTests    : No active profile set, falling back to 1 default profile: "default"
2024-11-17T05:48:31.516-03:00  INFO 56664 --- [pagamentoService] [           main] .s.d.r.c.RepositoryConfigurationDelegate : Bootstrapping Spring Data JPA repositories in DEFAULT mode.
2024-11-17T05:48:31.528-03:00  INFO 56664 --- [pagamentoService] [           main] .s.d.r.c.RepositoryConfigurationDelegate : Finished Spring Data repository scanning in 7 ms. Found 0 JPA repository interfaces.
2024-11-17T05:48:31.813-03:00  INFO 56664 --- [pagamentoService] [           main] o.hibernate.jpa.internal.util.LogHelper  : HHH000204: Processing PersistenceUnitInfo [name: default]
2024-11-17T05:48:31.852-03:00  INFO 56664 --- [pagamentoService] [           main] org.hibernate.Version                    : HHH000412: Hibernate ORM core version 6.5.2.Final
2024-11-17T05:48:31.873-03:00  INFO 56664 --- [pagamentoService] [           main] o.h.c.internal.RegionFactoryInitiator    : HHH000026: Second-level cache disabled
2024-11-17T05:48:32.050-03:00  INFO 56664 --- [pagamentoService] [           main] o.s.o.j.p.SpringPersistenceUnitInfo      : No LoadTimeWeaver setup: ignoring JPA class transformer
2024-11-17T05:48:32.065-03:00  INFO 56664 --- [pagamentoService] [           main] com.zaxxer.hikari.HikariDataSource       : HikariPool-1 - Starting...
2024-11-17T05:48:32.260-03:00  INFO 56664 --- [pagamentoService] [           main] com.zaxxer.hikari.pool.HikariPool        : HikariPool-1 - Added connection oracle.jdbc.driver.T4CConnection@621624b1
2024-11-17T05:48:32.262-03:00  INFO 56664 --- [pagamentoService] [           main] com.zaxxer.hikari.HikariDataSource       : HikariPool-1 - Start completed.
2024-11-17T05:48:32.339-03:00  WARN 56664 --- [pagamentoService] [           main] org.hibernate.orm.deprecation            : HHH90000025: OracleDialect does not need to be specified explicitly using 'hibernate.dialect' (remove the property setting and it will be selected by default)
2024-11-17T05:48:32.881-03:00  INFO 56664 --- [pagamentoService] [           main] o.h.e.t.j.p.i.JtaPlatformInitiator       : HHH000489: No JTA platform available (set 'hibernate.transaction.jta.platform' to enable JTA platform integration)
Hibernate: create table clientes (num_seq_cliente number(19,0) generated as identity, cpf number(19,0), nome varchar2(100 char), primary key (num_seq_cliente))
Hibernate: create table pedidos (num_seq_pedido number(19,0) generated as identity, descr_pedido varchar2(100 char), num_item number(10,0), valor_item float(53), primary key (num_seq_pedido))
Hibernate: create table registro_pgto_mensal (num_seq_rgpgto number(19,0) generated as identity, datahora_rgpgto raw(255), descr_rgpgto varchar2(100 char), num_cliente number(19,0), num_pedido number(19,0), num_tipo_pgto number(19,0), primary key (num_seq_rgpgto))
Hibernate: create table tipo_pgto (num_seq_pgto number(19,0) generated as identity, descr_pgto varchar2(10 char), primary key (num_seq_pgto))
Hibernate: alter table registro_pgto_mensal add constraint FK4ntqsegsh0nq1bg33vyplcn9j foreign key (num_cliente) references clientes
Hibernate: alter table registro_pgto_mensal add constraint FKn940cr3cglbtql0xrxxycc0ib foreign key (num_pedido) references pedidos
Hibernate: alter table registro_pgto_mensal add constraint FK2atr68nfuvbelnv68jblwf0b1 foreign key (num_tipo_pgto) references tipo_pgto
2024-11-17T05:48:33.979-03:00  INFO 56664 --- [pagamentoService] [           main] j.LocalContainerEntityManagerFactoryBean : Initialized JPA EntityManagerFactory for persistence unit 'default'
2024-11-17T05:48:34.067-03:00  WARN 56664 --- [pagamentoService] [           main] JpaBaseConfiguration$JpaWebConfiguration : spring.jpa.open-in-view is enabled by default. Therefore, database queries may be performed during view rendering. Explicitly configure spring.jpa.open-in-view to disable this warning
2024-11-17T05:48:34.310-03:00  INFO 56664 --- [pagamentoService] [           main] c.e.pagamentoService.ApplicationTests    : Started ApplicationTests in 3.282 seconds (process running for 3.827)
]]></system-out>
  </testcase>
</testsuite>